<?xml version="1.0" encoding="UTF-8"?>
<robot generator="Robot 3.1.2 (Python 3.7.7 on win32)" generated="20220113 21:51:09.877" rpa="false">
<suite id="s1" name="ZoombaLibrary" source="C:\Users\dennypc\eclipse-workspace\ZoombaLibrary">
<suite id="s1-s1" name="Test 01" source="C:\Users\dennypc\eclipse-workspace\ZoombaLibrary\Test_01.robot">
<kw name="Start App" type="setup">
<doc>Sets up the application for quick launching through 'Launch Application' and starts the winappdriver</doc>
<kw name="Open Application" library="Zoomba.DesktopLibrary">
<doc>Opens a new application to given Appium server.
If your application has a splash screen please supply the window name of the final window that will appear.
For the capabilities of appium server and Windows,
Please check http://appium.io/docs/en/drivers/windows
| *Option*            | *Man.* | *Description*                                                        |
| remote_url          | Yes    | Appium server url                                                    |
| alias               | No     | Alias                                                                |
| window_name         | No     | Window name you wish to attach, usually after a splash screen        |
| splash_delay        | No     | Delay used when waiting for a splash screen to load, in seconds      |</doc>
<arguments>
<arg>${REMOTE_URL}</arg>
<arg>platformName=Windows</arg>
<arg>deviceName=Windows</arg>
<arg>app=${APP}</arg>
</arguments>
<status status="PASS" starttime="20220113 21:51:10.365" endtime="20220113 21:51:11.121"></status>
</kw>
<kw name="Maximize Window" library="Zoomba.DesktopLibrary">
<doc>Maximizes the current application window.</doc>
<status status="PASS" starttime="20220113 21:51:11.122" endtime="20220113 21:51:11.341"></status>
</kw>
<kw name="Quit Application" library="Zoomba.DesktopLibrary">
<doc>Quit application. Application can be quit while Appium session is kept alive.
This keyword can be used to close application during test case or between test cases.</doc>
<status status="PASS" starttime="20220113 21:51:11.342" endtime="20220113 21:51:11.506"></status>
</kw>
<status status="PASS" starttime="20220113 21:51:10.364" endtime="20220113 21:51:11.507"></status>
</kw>
<test id="s1-s1-t1" name="test">
<kw name="Launch Application" library="Zoomba.DesktopLibrary" type="setup">
<doc>Launch application. Application can be launched while Appium session running.
This keyword can be used to launch application during test case or between test cases.</doc>
<status status="PASS" starttime="20220113 21:51:11.510" endtime="20220113 21:51:12.233"></status>
</kw>
<kw name="Wait For And Input Text" library="Zoomba.DesktopLibrary">
<doc>Wait for and type the given ``locator`` into text field identified by ``locator``.</doc>
<arguments>
<arg>accessibility_id=15</arg>
<arg>Hello</arg>
</arguments>
<msg timestamp="20220113 21:51:12.490" level="INFO">Typing text 'Hello' into text field 'accessibility_id=15'</msg>
<status status="PASS" starttime="20220113 21:51:12.235" endtime="20220113 21:51:13.087"></status>
</kw>
<kw name="Wait For And Click Element" library="Zoomba.DesktopLibrary">
<doc>Wait for and click the element identified by ``locator``.</doc>
<arguments>
<arg>Name=Help</arg>
</arguments>
<msg timestamp="20220113 21:51:13.287" level="INFO">Clicking element 'Name=Help'.</msg>
<status status="PASS" starttime="20220113 21:51:13.088" endtime="20220113 21:51:13.831"></status>
</kw>
<kw name="Wait For And Click Element" library="Zoomba.DesktopLibrary">
<doc>Wait for and click the element identified by ``locator``.</doc>
<arguments>
<arg>Name=About Notepad</arg>
</arguments>
<msg timestamp="20220113 21:51:14.135" level="INFO">Clicking element 'Name=About Notepad'.</msg>
<status status="PASS" starttime="20220113 21:51:13.832" endtime="20220113 21:51:14.694"></status>
</kw>
<kw name="Wait For And Click Element" library="Zoomba.DesktopLibrary">
<doc>Wait for and click the element identified by ``locator``.</doc>
<arguments>
<arg>accessibility_id=1</arg>
</arguments>
<msg timestamp="20220113 21:51:15.096" level="INFO">Clicking element 'accessibility_id=1'.</msg>
<status status="PASS" starttime="20220113 21:51:14.694" endtime="20220113 21:51:15.728"></status>
</kw>
<kw name="Quit Application" library="Zoomba.DesktopLibrary" type="teardown">
<doc>Quit application. Application can be quit while Appium session is kept alive.
This keyword can be used to close application during test case or between test cases.</doc>
<status status="PASS" starttime="20220113 21:51:15.729" endtime="20220113 21:51:20.869"></status>
</kw>
<tags>
<tag>Windows</tag>
</tags>
<status status="PASS" starttime="20220113 21:51:11.508" endtime="20220113 21:51:20.870" critical="yes"></status>
</test>
<doc>Zoomba Desktop Library Tests.</doc>
<status status="PASS" starttime="20220113 21:51:09.965" endtime="20220113 21:51:20.871"></status>
</suite>
<status status="PASS" starttime="20220113 21:51:09.925" endtime="20220113 21:51:20.875"></status>
</suite>
<statistics>
<total>
<stat pass="1" fail="0">Critical Tests</stat>
<stat pass="1" fail="0">All Tests</stat>
</total>
<tag>
<stat pass="1" fail="0">Windows</stat>
</tag>
<suite>
<stat pass="1" fail="0" id="s1" name="ZoombaLibrary">ZoombaLibrary</stat>
<stat pass="1" fail="0" id="s1-s1" name="Test 01">ZoombaLibrary.Test 01</stat>
</suite>
</statistics>
<errors>
</errors>
</robot>
